<?xml version="1.0" encoding="UTF-8"?>
<testsuite xmlns:xsi="http://www.w3.org/2001/XMLSchema-instance" xsi:noNamespaceSchemaLocation="https://maven.apache.org/surefire/maven-surefire-plugin/xsd/surefire-test-report-3.0.xsd" version="3.0" name="in.test.AppTest" time="0.08" tests="4" errors="0" skipped="0" failures="0">
  <properties>
[...]
</properties>
  <testcase name="testProd(TestInfo)[1]" classname="in.test.AppTest" time="0.029">
    <system-out><![CDATA[PRODUCTION ENVIRONMENT TEST CASES AND DISPLAY  :PRODUCTION TEST CASES IS EXECUTING......-1/2
]]></system-out>
  </testcase>
  <testcase name="testProd(TestInfo)[2]" classname="in.test.AppTest" time="0.002">
    <system-out><![CDATA[PRODUCTION ENVIRONMENT TEST CASES AND DISPLAY  :PRODUCTION TEST CASES IS EXECUTING......-2/2
]]></system-out>
  </testcase>
  <testcase name="testProdAgain(TestInfo)[1]" classname="in.test.AppTest" time="0.001">
    <system-out><![CDATA[PRODUCTION ENVIRONMENT TEST CASES AND DISPLAY  :PRODUCTION TEST CASES IS EXECUTING......-1/2
]]></system-out>
  </testcase>
  <testcase name="testProdAgain(TestInfo)[2]" classname="in.test.AppTest" time="0.001">
    <system-out><![CDATA[PRODUCTION ENVIRONMENT TEST CASES AND DISPLAY  :PRODUCTION TEST CASES IS EXECUTING......-2/2
]]></system-out>
  </testcase>
</testsuite>